make.exe all --print-data-base --no-builtin-variables --no-builtin-rules --question
# GNU Make 3.81
# Copyright (C) 2006  Free Software Foundation, Inc.
# This is free software; see the source for copying conditions.
# There is NO warranty; not even for MERCHANTABILITY or FITNESS FOR A
# PARTICULAR PURPOSE.

# This program built for i386-pc-mingw32
 

# Make data base, printed on Thu Jun 10 03:45:28 2021

# Variables

# automatic
<D = $(patsubst %/,%,$(dir $<))
# automatic
?F = $(notdir $?)
# makefile (from `makefile', line 19)
OBJ = $(SRC:$(SRCDIR)/%$(EXT)=$(OBJDIR)/%.o)
# makefile (from `makefile', line 18)
SRC = $(wildcard $(SRCDIR)/*$(EXT))
# makefile
MAKEFLAGS = Rrqp
# environment
VSCODE_LOG_NATIVE = false
# automatic
?D = $(patsubst %/,%,$(dir $?))
# automatic
@D = $(patsubst %/,%,$(dir $@))
# environment
HOMEDRIVE = C:
# automatic
@F = $(notdir $ 
@)
# automatic
^D = $(patsubst %/,%,$(dir $^))
# makefile
CURDIR := d:/Virtual Machines/shared/HW10_201924619
# default
SHELL := sh.exe
# makefile (from `makefile', line 22)
RM = rm
# environment
WINDIR = C:\Windows
# environment
VSCODE_NLS_CONFIG = {"locale":"en-us","availableLanguages":{},"_languagePackSupport":true}
# environment
ONEDRIVE = C:\Users\dnt23\OneDrive - pusan.ac.kr
# environment
PATHEXT = .COM;.EXE;.BAT;.CMD;.VBS;.VBE;.JS;.JSE;.WSF;.WSH;.MSC
# makefile (from `makefile', line 1)
MAKEFILE_LIST :=  makefile
# environment
VSCODE_NODE_CACHED_DATA_DIR = C:\Users\dnt23\AppData\Roaming\Code\CachedData\054a9295330880ed74ceaedda236253b4f39a335
# environment
TMP = C:\Users\dnt23\AppData\Local\Temp
# makefile (from `makefile', line 7)
CXXFLAGS = -std=c11 -Wall
# environment
VSCODE_VERBOSE_LOGGING = true
# environment
PROGRAMW6432 = C:\Program Files
# makefile (from `makefile', line 25)
DEL = del
# environment
PROGRAMDATA = C:\ProgramData
# environment
VSCODE_IPC_HOOK_EXTHOST = \\.\pipe\vscode-ipc-132f7171-3109-496c-a8bc-dbc418c6393a-sock
# environment
VSCODE_CWD = C:\Program Files\Microsoft VS Code
# environment
PATH = C:\Program Files (x86)\VMware\VMware Player\bin\;C:\Windows\system32;C:\Windows;C:\Windows\System32\Wbem;C:\Windows\System32\WindowsPowerShell\v1.0\;C:\Windows\System32\OpenSSH\;C:\Program Files\Microsoft VS Code\bin;C:\ProgramData\chocolatey\bin;C:\Users\dnt23\AppData\Local\Microsoft\WindowsApps;C:\MinGW\bin;C:\tools\msys64;C:\Program Files (x86)\GnuWin32\bin;
# environment
COMMONPROGRAMW643 
2 = C:\Program Files\Common Files
# makefile (from `makefile', line 20)
DEP = $(OBJ:$(OBJDIR)/%.o=%.d)
# environment
CHOCOLATEYLASTPATHUPDATE = 132677366243481807
# environment
PROCESSOR_ARCHITECTURE = x86
# environment
USERPROFILE = C:\Users\dnt23
# environment
CHOCOLATEYINSTALL = C:\ProgramData\chocolatey
# environment
ALLUSERSPROFILE = C:\ProgramData
# environment
VSCODE_LOG_STACK = false
# environment
NUMBER_OF_PROCESSORS = 12
# environment
ELECTRON_RUN_AS_NODE = 1
# makefile (from `makefile', line 8)
LDFLAGS = 
# default
.FEATURES := target-specific order-only second-expansion else-if archives
# makefile (from `makefile', line 13)
SRCDIR = D:\Virtual Machines\shared\HW10_201924619
# automatic
%F = $(notdir $%)
# environment
CHROME_CRASHPAD_PIPE_NAME = \\.\pipe\crashpad_3216_KXVSLPGVRWVAWDFM
# environment
VSCODE_PIPE_LOGGING = true
# environment
COMPUTERNAME = DESKTOP-DNT23
# environment
PROGRAMFILES = C:\Program Files (x86)
# environment
DRIVERDATA = C:\Windows\System32\Drivers\DriverData
# environment
O 
RIGINAL_XDG_CURRENT_DESKTOP = undefined
# environment
USERNAME = dnt23
# environment
PUBLIC = C:\Users\Public
# environment
VSCODE_AMD_ENTRYPOINT = vs/workbench/services/extensions/node/extensionHostProcess
# environment
CHOCOLATEYTOOLSLOCATION = C:\tools
# environment
APPLICATION_INSIGHTS_NO_DIAGNOSTIC_CHANNEL = true
# makefile (from `makefile', line 23)
DELOBJ = $(OBJ)
# environment
COMMONPROGRAMFILES = C:\Program Files (x86)\Common Files
# environment
LOGONSERVER = \\DESKTOP-DNT23
# environment
ONEDRIVEC 
ONSUMER = C:\Users\dnt23\OneDrive
# environment
VSCODE_HANDLES_UNCAUGHT_ERRORS = true
# environment
USERDOMAIN = DESKTOP-DNT23
# default
MAKE = $(MAKE_COMMAND)
# default
MAKECMDGOALS := all
# makefile (from `makefile', line 11)
APPNAME = mainwin.exe
# makefile (from `makefile', line 6)
CC = gcc
# environment
ONEDRIVECOMMERCIAL = C:\Users\dnt23\OneDrive - pusan.ac.kr
# default
MAKE_VERSION := 3.81
# makefile
.DEFAULT_GOAL := all
# environment
PROGRAMFILES(X86) = C:\Program Files (x86)
# automatic
%D = $(patsubst %/,%,$(dir $%))
# environment
LOCALAPPDATA = C:\Users\dnt23\AppData\Local
# environment
PSMODULEPATH = C:\Program Files\WindowsPowerShell\Modules;C:\Windows\system32\WindowsPowerShell\v1.0\Modules
# default
MAKE_COMMAND := make.exe
# environment
PROCESSOR_ARCHITEW6432 = AMD64
# default
.VARIABLES := 
# automatic
*F = $(notdir $*)
# environment
PROCESSOR_IDENTIFIER = AMD64 Family 23 Model 8 Stepping 2, AuthenticAMD
# environment
OS = Windows_NT
# environment
VSCODE_IPC_HOOK = \\.\pipe\5b41036e0584b2e0d8 
21d79645fe790e-1.56.2-main-sock
# makefile (from `makefile', line 12)
EXT = .c
# environment
HOMEPATH = \Users\dnt23
# environment
COMMONPROGRAMFILES(X86) = C:\Program Files (x86)\Common Files
# environment
PROMPT = $P$G
# environment
MFLAGS = -Rrqp
# automatic
*D = $(patsubst %/,%,$(dir $*))
# environment
SYSTEMROOT = C:\Windows
# automatic
+D = $(patsubst %/,%,$(dir $+))
# automatic
+F = $(notdir $+)
# environment
APPDATA = C:\Users\dnt23\AppData\Roaming
# environment
TEMP = C:\Users\dnt23\AppData\Local\T 
emp
# environment
COMSPEC = C:\Windows\system32\cmd.exe
# default
MAKEFILES := 
# automatic
<F = $(notdir $<)
# makefile (from `makefile', line 15)
OBJDIR = obj
# environment
LC_ALL = C
# makefile (from `makefile', line 27)
WDELOBJ = $(SRC:$(SRCDIR)/%$(EXT)=$(OBJDIR)\\%.o)
# automatic
^F = $(notdir $^)
# default
SUFFIXES := 
# environment
SYSTEMDRIVE = C:
# environment
SESSIONNAME = Console
# environment
PROCESSOR_REVISION = 0802
# environment
MAKELEVEL := 0
# makefile (from `makefile', line 26)
EXE = .exe
 
# environment
LANG = C
# environment
PROCESSOR_LEVEL = 23
# environment
VSCODE_PID = 3216
# environment
USERDOMAIN_ROAMINGPROFILE = DESKTOP-DNT23
# variable set hash-table stats:
# Load=106/1024=10%, Rehash=0, Collisions=16/149=11%

# Pattern-specific Variable Values

# No pattern-specific variable values.

# Directories

# C:\Windows\System32\WindowsPowerShell\v1.0\ (key C:/Windows/System32/WindowsPowerShell/v1.0/, mtime 1617976438): 30 files, no impossibilities.
# C:\Windows\System32\Wbem (key C:/Windows/ 
System32/Wbem, mtime 1623242297): 170 files, no impossibilities.
# . (key d:/Virtual Machines/shared/HW10_201924619, mtime 1623248612): 17 files, no impossibilities.
# C:\ProgramData\chocolatey\bin (key C:/ProgramData/chocolatey/bin, mtime 1623263358): 80 files, no impossibilities.
# D:\: could not be stat'd.
# C:\MinGW\bin (key C:/MinGW/bin, mtime 1623261886): 57 files, no impossibilities.
# C:\Users\dnt23\AppData\Local\Microsoft\WindowsApps (key C:/Users/dnt23/AppData/Local/Microsoft/WindowsApps, mtime 16 
23242408): 10 files, no impossibilities.
# Machines\shared\HW10_201924619: could not be stat'd.
# C:\Windows\System32\OpenSSH\: could not be stat'd.
# C:\Program Files\Microsoft VS Code\bin (key C:/Program Files/Microsoft VS Code/bin, mtime 1623224992): 4 files, no impossibilities.
# C:\Windows (key C:/Windows, mtime 1623242294): 107 files, no impossibilities.
# D:\Virtual Machines\shared\HW10_201924619 (key d:/Virtual Machines/shared/HW10_201924619, mtime 1623248612): 17 files, no impossibilities.
# C:\too 
ls\msys64 (key C:/tools/msys64, mtime 1623263005): 34 files, no impossibilities.
# C:\Windows\system32 (key C:/Windows/system32, mtime 1623250774): 2933 files, no impossibilities.
# C:\Program Files (x86)\VMware\VMware Player\bin\ (key C:/Program Files (x86)/VMware/VMware Player/bin/, mtime 1623236781): 4 files, no impossibilities.
# C:\Program Files (x86)\GnuWin32\bin (key C:/Program Files (x86)/GnuWin32/bin, mtime 1623264049): 5 files, no impossibilities.

# 3468 files, no impossibilities in 16 directorie 
s.

# Implicit Rules

%.d: D:\Virtual Machines\shared\HW10_201924619/%.c
#  commands to execute (from `makefile', line 41):
	@$(CPP) $(CFLAGS) $< -MM -MT $(@:%.d=$(OBJDIR)/%.o) >$@
	

obj/%.o: D:\Virtual Machines\shared\HW10_201924619/%.c
#  commands to execute (from `makefile', line 48):
	$(CC) $(CXXFLAGS) -o $@ -c $<
	

# 2 implicit rules, 0 (0.0%) terminal.

# Files

all: mainwin.exe
#  Command-line target.
#  Implicit rule search has been done.
#  File does not exist.
#  File has been updated.
#  Succes 
sfully updated.
# variable set hash-table stats:
# Load=0/32=0%, Rehash=0, Collisions=0/0=0%

.PHONY: clean cleandep cleanw cleandepw
#  Implicit rule search has not been done.
#  Modification time never checked.
#  File has not been updated.

# Not a target:
.DEFAULT:
#  Implicit rule search has not been done.
#  Modification time never checked.
#  File has not been updated.

# Not a target:
makefile:
#  Implicit rule search has been done.
#  Last modified 2021-06-10 03:45:12
#  File has been updated.
#  S 
uccessfully updated.
# variable set hash-table stats:
# Load=0/32=0%, Rehash=0, Collisions=0/0=0%

cleanw:
#  Phony target (prerequisite of .PHONY).
#  Implicit rule search has not been done.
#  File does not exist.
#  File has not been updated.
#  commands to execute (from `makefile', line 65):
	$(DEL) $(WDELOBJ) $(DEP) $(APPNAME)$(EXE)
	

mainwin.exe:
#  Implicit rule search has not been done.
#  Last modified 2021-06-10 03:11:25
#  File has been updated.
#  Successfully updated.
#  commands to execute (f 
rom `makefile', line 37):
	$(CC) $(CXXFLAGS) -o $@ $^ $(LDFLAGS)
	

# Not a target:
.SUFFIXES:
#  Implicit rule search has not been done.
#  Modification time never checked.
#  File has not been updated.

cleandep:
#  Phony target (prerequisite of .PHONY).
#  Implicit rule search has not been done.
#  File does not exist.
#  File has not been updated.
#  commands to execute (from `makefile', line 59):
	$(RM) $(DEP)
	

cleandepw:
#  Phony target (prerequisite of .PHONY).
#  Implicit rule search has not been  
done.
#  File does not exist.
#  File has not been updated.
#  commands to execute (from `makefile', line 70):
	$(DEL) $(DEP)
	

clean:
#  Phony target (prerequisite of .PHONY).
#  Implicit rule search has not been done.
#  File does not exist.
#  File has not been updated.
#  commands to execute (from `makefile', line 54):
	$(RM) $(DELOBJ) $(DEP) $(APPNAME)
	

# files hash-table stats:
# Load=10/1024=1%, Rehash=0, Collisions=0/30=0%
# VPATH Search Paths

# No `vpath' search paths.

# No general (`VPATH' va 
riable) search path.

# # of strings in strcache: 1
# # of strcache buffers: 1
# strcache size: total = 4096 / max = 4096 / min = 4096 / avg = 4096
# strcache free: total = 4087 / max = 4087 / min = 4087 / avg = 4087

# Finished Make data base on Thu Jun 10 03:45:28 2021

 
